[INFO] Scanning for projects...
[INFO]                                                                         
[INFO] ------------------------------------------------------------------------
[INFO] Building Mathematics core 1.0
[INFO] ------------------------------------------------------------------------
[INFO] 
[INFO] --- maven-resources-plugin:2.3:resources (default-resources) @ mathematics-core ---
[INFO] Using 'UTF-8' encoding to copy filtered resources.
[INFO] Copying 4 resources
[INFO] 
[INFO] --- maven-compiler-plugin:3.0:compile (default-compile) @ mathematics-core ---
[INFO] Changes detected - recompiling the module!
[INFO] Compiling 65 source files to /home/mark/java/code/prive/mathematics/core/target/classes
[WARNING] /home/mark/java/code/prive/mathematics/core/src/main/java/nl/smith/mathematics/constraint/AssertionValidator.java: /home/mark/java/code/prive/mathematics/core/src/main/java/nl/smith/mathematics/constraint/AssertionValidator.java uses unchecked or unsafe operations.
[WARNING] /home/mark/java/code/prive/mathematics/core/src/main/java/nl/smith/mathematics/constraint/AssertionValidator.java: Recompile with -Xlint:unchecked for details.
[INFO] 
[INFO] --- maven-resources-plugin:2.3:testResources (default-testResources) @ mathematics-core ---
[INFO] Using 'UTF-8' encoding to copy filtered resources.
[INFO] Copying 9 resources
[INFO] 
[INFO] --- maven-compiler-plugin:3.0:testCompile (default-testCompile) @ mathematics-core ---
[INFO] Changes detected - recompiling the module!
[INFO] Compiling 26 source files to /home/mark/java/code/prive/mathematics/core/target/test-classes
[INFO] 
[INFO] --- maven-surefire-plugin:2.4:test (default-test) @ mathematics-core ---
[INFO] Surefire report directory: /home/mark/java/code/prive/mathematics/core/target/surefire-reports

-------------------------------------------------------
 T E S T S
-------------------------------------------------------
Running nl.smith.mathematics.functions.rational.GoniometricFunctionsImplTest
20:20:06,510 |-INFO in ch.qos.logback.classic.LoggerContext[default] - Could NOT find resource [logback.groovy]
20:20:06,510 |-INFO in ch.qos.logback.classic.LoggerContext[default] - Found resource [logback-test.xml] at [file:/home/mark/java/code/prive/mathematics/core/target/test-classes/logback-test.xml]
20:20:06,770 |-INFO in ch.qos.logback.core.joran.action.AppenderAction - About to instantiate appender of type [ch.qos.logback.core.ConsoleAppender]
20:20:06,789 |-INFO in ch.qos.logback.core.joran.action.AppenderAction - Naming appender as [STDOUT]
20:20:06,854 |-INFO in ch.qos.logback.core.joran.action.NestedComplexPropertyIA - Assuming default type [ch.qos.logback.classic.encoder.PatternLayoutEncoder] for [encoder] property
20:20:07,039 |-INFO in ch.qos.logback.classic.joran.action.RootLoggerAction - Setting level of ROOT logger to DEBUG
20:20:07,039 |-INFO in ch.qos.logback.core.joran.action.AppenderRefAction - Attaching appender named [STDOUT] to Logger[ROOT]
20:20:07,041 |-INFO in ch.qos.logback.classic.joran.action.ConfigurationAction - End of configuration.
20:20:07,043 |-INFO in ch.qos.logback.classic.joran.JoranConfigurator@10867c21 - Registering current configuration as safe fallback point
20:20:07.078 INFO  nl.smith.mathematics.utility.TestUtility:49
Using resource ' cosinus.properties' 
20:20:07.090 DEBUG nl.smith.mathematics.functions.AbstractFunction:18
Create context for class nl.smith.mathematics.functions.rational.GoniometricFunctionsImpl
20:20:07.109 WARN  nl.smith.mathematics.utility.FunctionContextHelper:112
Resource 'nl/smith/mathematics/functions/rational/GoniometricFunctionsImpl.properties' not found
20:20:07.129 INFO  nl.smith.mathematics.utility.TestUtility:49
Using resource ' sinus.properties' 
20:20:07.135 DEBUG nl.smith.mathematics.functions.AbstractFunction:18
Create context for class nl.smith.mathematics.functions.rational.GoniometricFunctionsImpl
20:20:07.135 WARN  nl.smith.mathematics.utility.FunctionContextHelper:112
Resource 'nl/smith/mathematics/functions/rational/GoniometricFunctionsImpl.properties' not found
Tests run: 2, Failures: 0, Errors: 2, Skipped: 0, Time elapsed: 0.81 sec <<< FAILURE!

Results :

Tests in error: 
  cos(nl.smith.mathematics.functions.rational.GoniometricFunctionsImplTest)
  sin(nl.smith.mathematics.functions.rational.GoniometricFunctionsImplTest)

Tests run: 2, Failures: 0, Errors: 2, Skipped: 0

[INFO] ------------------------------------------------------------------------
[INFO] BUILD FAILURE
[INFO] ------------------------------------------------------------------------
[INFO] Total time: 8.130s
[INFO] Finished at: Mon Dec 21 20:20:07 CET 2015
[INFO] Final Memory: 17M/170M
[INFO] ------------------------------------------------------------------------
[ERROR] Failed to execute goal org.apache.maven.plugins:maven-surefire-plugin:2.4:test (default-test) on project mathematics-core: There are test failures.
[ERROR] 
[ERROR] Please refer to /home/mark/java/code/prive/mathematics/core/target/surefire-reports for the individual test results.
[ERROR] -> [Help 1]
[ERROR] 
[ERROR] To see the full stack trace of the errors, re-run Maven with the -e switch.
[ERROR] Re-run Maven using the -X switch to enable full debug logging.
[ERROR] 
[ERROR] For more information about the errors and possible solutions, please read the following articles:
[ERROR] [Help 1] http://cwiki.apache.org/confluence/display/MAVEN/MojoFailureException
